Classic Timing Analyzer report for PROJETO15
Sat Nov 26 20:10:08 2016
Quartus II Version 9.1 Build 222 10/21/2009 SJ Web Edition


---------------------
; Table of Contents ;
---------------------
  1. Legal Notice
  2. Timing Analyzer Summary
  3. Timing Analyzer Settings
  4. Clock Settings Summary
  5. Parallel Compilation
  6. Clock Setup: 'CLOCK'
  7. tco
  8. Timing Analyzer Messages



----------------
; Legal Notice ;
----------------
Copyright (C) 1991-2009 Altera Corporation
Your use of Altera Corporation's design tools, logic functions 
and other software and tools, and its AMPP partner logic 
functions, and any output files from any of the foregoing 
(including device programming or simulation files), and any 
associated documentation or information are expressly subject 
to the terms and conditions of the Altera Program License 
Subscription Agreement, Altera MegaCore Function License 
Agreement, or other applicable license agreement, including, 
without limitation, that your use is for the sole purpose of 
programming logic devices manufactured by Altera and sold by 
Altera or its authorized distributors.  Please refer to the 
applicable agreement for further details.



+----------------------------------------------------------------------------------------------------------------------------------------------------------------------------------+
; Timing Analyzer Summary                                                                                                                                                          ;
+------------------------------+-------+---------------+------------------------------------------------+-----------------+-----------------+------------+----------+--------------+
; Type                         ; Slack ; Required Time ; Actual Time                                    ; From            ; To              ; From Clock ; To Clock ; Failed Paths ;
+------------------------------+-------+---------------+------------------------------------------------+-----------------+-----------------+------------+----------+--------------+
; Worst-case tco               ; N/A   ; None          ; 9.211 ns                                       ; PROJETO12:FF1|Q ; QOUT[1]         ; CLOCK      ; --       ; 0            ;
; Clock Setup: 'CLOCK'         ; N/A   ; None          ; Restricted to 420.17 MHz ( period = 2.380 ns ) ; PROJETO12:FF1|Q ; PROJETO12:FF1|Q ; CLOCK      ; CLOCK    ; 0            ;
; Total number of failed paths ;       ;               ;                                                ;                 ;                 ;            ;          ; 0            ;
+------------------------------+-------+---------------+------------------------------------------------+-----------------+-----------------+------------+----------+--------------+


+-----------------------------------------------------------------------------------------------------------------------------------------------------+
; Timing Analyzer Settings                                                                                                                            ;
+------------------------------------------------------------------------------------------------------+--------------------+------+----+-------------+
; Option                                                                                               ; Setting            ; From ; To ; Entity Name ;
+------------------------------------------------------------------------------------------------------+--------------------+------+----+-------------+
; Device Name                                                                                          ; EP2C35F672C6       ;      ;    ;             ;
; Timing Models                                                                                        ; Final              ;      ;    ;             ;
; Default hold multicycle                                                                              ; Same as Multicycle ;      ;    ;             ;
; Cut paths between unrelated clock domains                                                            ; On                 ;      ;    ;             ;
; Cut off read during write signal paths                                                               ; On                 ;      ;    ;             ;
; Cut off feedback from I/O pins                                                                       ; On                 ;      ;    ;             ;
; Report Combined Fast/Slow Timing                                                                     ; Off                ;      ;    ;             ;
; Ignore Clock Settings                                                                                ; Off                ;      ;    ;             ;
; Analyze latches as synchronous elements                                                              ; On                 ;      ;    ;             ;
; Enable Recovery/Removal analysis                                                                     ; Off                ;      ;    ;             ;
; Enable Clock Latency                                                                                 ; Off                ;      ;    ;             ;
; Use TimeQuest Timing Analyzer                                                                        ; Off                ;      ;    ;             ;
; Number of source nodes to report per destination node                                                ; 10                 ;      ;    ;             ;
; Number of destination nodes to report                                                                ; 10                 ;      ;    ;             ;
; Number of paths to report                                                                            ; 200                ;      ;    ;             ;
; Report Minimum Timing Checks                                                                         ; Off                ;      ;    ;             ;
; Use Fast Timing Models                                                                               ; Off                ;      ;    ;             ;
; Report IO Paths Separately                                                                           ; Off                ;      ;    ;             ;
; Perform Multicorner Analysis                                                                         ; On                 ;      ;    ;             ;
; Reports the worst-case path for each clock domain and analysis                                       ; Off                ;      ;    ;             ;
; Reports worst-case timing paths for each clock domain and analysis                                   ; On                 ;      ;    ;             ;
; Specifies the maximum number of worst-case timing paths to report for each clock domain and analysis ; 100                ;      ;    ;             ;
; Removes common clock path pessimism (CCPP) during slack computation                                  ; Off                ;      ;    ;             ;
; Output I/O Timing Endpoint                                                                           ; Near End           ;      ;    ;             ;
+------------------------------------------------------------------------------------------------------+--------------------+------+----+-------------+


+------------------------------------------------------------------------------------------------------------------------------------------------------------------------------------+
; Clock Settings Summary                                                                                                                                                             ;
+-----------------+--------------------+----------+------------------+---------------+--------------+----------+-----------------------+---------------------+--------+--------------+
; Clock Node Name ; Clock Setting Name ; Type     ; Fmax Requirement ; Early Latency ; Late Latency ; Based on ; Multiply Base Fmax by ; Divide Base Fmax by ; Offset ; Phase offset ;
+-----------------+--------------------+----------+------------------+---------------+--------------+----------+-----------------------+---------------------+--------+--------------+
; CLOCK           ;                    ; User Pin ; None             ; 0.000 ns      ; 0.000 ns     ; --       ; N/A                   ; N/A                 ; N/A    ;              ;
+-----------------+--------------------+----------+------------------+---------------+--------------+----------+-----------------------+---------------------+--------+--------------+


Parallel compilation was disabled, but you have multiple processors available. Enable parallel compilation to reduce compilation time.
+-------------------------------------+
; Parallel Compilation                ;
+----------------------------+--------+
; Processors                 ; Number ;
+----------------------------+--------+
; Number detected on machine ; 2      ;
; Maximum allowed            ; 1      ;
+----------------------------+--------+


+--------------------------------------------------------------------------------------------------------------------------------------------------------------------------------------------------------+
; Clock Setup: 'CLOCK'                                                                                                                                                                                   ;
+-------+------------------------------------------------+-----------------+-----------------+------------+----------+-----------------------------+---------------------------+-------------------------+
; Slack ; Actual fmax (period)                           ; From            ; To              ; From Clock ; To Clock ; Required Setup Relationship ; Required Longest P2P Time ; Actual Longest P2P Time ;
+-------+------------------------------------------------+-----------------+-----------------+------------+----------+-----------------------------+---------------------------+-------------------------+
; N/A   ; Restricted to 420.17 MHz ( period = 2.380 ns ) ; PROJETO12:FF0|Q ; PROJETO12:FF0|Q ; CLOCK      ; CLOCK    ; None                        ; None                      ; 0.407 ns                ;
; N/A   ; Restricted to 420.17 MHz ( period = 2.380 ns ) ; PROJETO12:FF2|Q ; PROJETO12:FF2|Q ; CLOCK      ; CLOCK    ; None                        ; None                      ; 0.407 ns                ;
; N/A   ; Restricted to 420.17 MHz ( period = 2.380 ns ) ; PROJETO12:FF1|Q ; PROJETO12:FF1|Q ; CLOCK      ; CLOCK    ; None                        ; None                      ; 0.407 ns                ;
+-------+------------------------------------------------+-----------------+-----------------+------------+----------+-----------------------------+---------------------------+-------------------------+


+----------------------------------------------------------------------------+
; tco                                                                        ;
+-------+--------------+------------+-----------------+---------+------------+
; Slack ; Required tco ; Actual tco ; From            ; To      ; From Clock ;
+-------+--------------+------------+-----------------+---------+------------+
; N/A   ; None         ; 9.211 ns   ; PROJETO12:FF1|Q ; QOUT[1] ; CLOCK      ;
; N/A   ; None         ; 8.803 ns   ; PROJETO12:FF2|Q ; QOUT[2] ; CLOCK      ;
; N/A   ; None         ; 6.039 ns   ; PROJETO12:FF0|Q ; QOUT[0] ; CLOCK      ;
+-------+--------------+------------+-----------------+---------+------------+


+--------------------------+
; Timing Analyzer Messages ;
+--------------------------+
Info: *******************************************************************
Info: Running Quartus II Classic Timing Analyzer
    Info: Version 9.1 Build 222 10/21/2009 SJ Web Edition
    Info: Processing started: Sat Nov 26 20:10:08 2016
Info: Command: quartus_tan --read_settings_files=off --write_settings_files=off PROJETO15 -c PROJETO15 --timing_analysis_only
Warning: Found pins functioning as undefined clocks and/or memory enables
    Info: Assuming node "CLOCK" is an undefined clock
Warning: Found 2 node(s) in clock paths which may be acting as ripple and/or gated clocks -- node(s) analyzed as buffer(s) resulting in clock skew
    Info: Detected ripple clock "PROJETO12:FF1|Q" as buffer
    Info: Detected ripple clock "PROJETO12:FF0|Q" as buffer
Info: Clock "CLOCK" Internal fmax is restricted to 420.17 MHz between source register "PROJETO12:FF0|Q" and destination register "PROJETO12:FF0|Q"
    Info: fmax restricted to clock pin edge rate 2.38 ns. Expand message to see actual delay path.
        Info: + Longest register to register delay is 0.407 ns
            Info: 1: + IC(0.000 ns) + CELL(0.000 ns) = 0.000 ns; Loc. = LCFF_X34_Y35_N1; Fanout = 4; REG Node = 'PROJETO12:FF0|Q'
            Info: 2: + IC(0.000 ns) + CELL(0.323 ns) = 0.323 ns; Loc. = LCCOMB_X34_Y35_N0; Fanout = 1; COMB Node = 'PROJETO12:FF0|Q~0'
            Info: 3: + IC(0.000 ns) + CELL(0.084 ns) = 0.407 ns; Loc. = LCFF_X34_Y35_N1; Fanout = 4; REG Node = 'PROJETO12:FF0|Q'
            Info: Total cell delay = 0.407 ns ( 100.00 % )
        Info: - Smallest clock skew is 0.000 ns
            Info: + Shortest clock path from clock "CLOCK" to destination register is 2.362 ns
                Info: 1: + IC(0.000 ns) + CELL(0.979 ns) = 0.979 ns; Loc. = PIN_C13; Fanout = 1; CLK Node = 'CLOCK'
                Info: 2: + IC(0.846 ns) + CELL(0.537 ns) = 2.362 ns; Loc. = LCFF_X34_Y35_N1; Fanout = 4; REG Node = 'PROJETO12:FF0|Q'
                Info: Total cell delay = 1.516 ns ( 64.18 % )
                Info: Total interconnect delay = 0.846 ns ( 35.82 % )
            Info: - Longest clock path from clock "CLOCK" to source register is 2.362 ns
                Info: 1: + IC(0.000 ns) + CELL(0.979 ns) = 0.979 ns; Loc. = PIN_C13; Fanout = 1; CLK Node = 'CLOCK'
                Info: 2: + IC(0.846 ns) + CELL(0.537 ns) = 2.362 ns; Loc. = LCFF_X34_Y35_N1; Fanout = 4; REG Node = 'PROJETO12:FF0|Q'
                Info: Total cell delay = 1.516 ns ( 64.18 % )
                Info: Total interconnect delay = 0.846 ns ( 35.82 % )
        Info: + Micro clock to output delay of source is 0.250 ns
        Info: + Micro setup delay of destination is -0.036 ns
Info: tco from clock "CLOCK" to destination pin "QOUT[1]" through register "PROJETO12:FF1|Q" is 9.211 ns
    Info: + Longest clock path from clock "CLOCK" to source register is 3.448 ns
        Info: 1: + IC(0.000 ns) + CELL(0.979 ns) = 0.979 ns; Loc. = PIN_C13; Fanout = 1; CLK Node = 'CLOCK'
        Info: 2: + IC(0.846 ns) + CELL(0.787 ns) = 2.612 ns; Loc. = LCFF_X34_Y35_N1; Fanout = 4; REG Node = 'PROJETO12:FF0|Q'
        Info: 3: + IC(0.299 ns) + CELL(0.537 ns) = 3.448 ns; Loc. = LCFF_X34_Y35_N3; Fanout = 4; REG Node = 'PROJETO12:FF1|Q'
        Info: Total cell delay = 2.303 ns ( 66.79 % )
        Info: Total interconnect delay = 1.145 ns ( 33.21 % )
    Info: + Micro clock to output delay of source is 0.250 ns
    Info: + Longest register to pin delay is 5.513 ns
        Info: 1: + IC(0.000 ns) + CELL(0.000 ns) = 0.000 ns; Loc. = LCFF_X34_Y35_N3; Fanout = 4; REG Node = 'PROJETO12:FF1|Q'
        Info: 2: + IC(2.871 ns) + CELL(2.642 ns) = 5.513 ns; Loc. = PIN_D23; Fanout = 0; PIN Node = 'QOUT[1]'
        Info: Total cell delay = 2.642 ns ( 47.92 % )
        Info: Total interconnect delay = 2.871 ns ( 52.08 % )
Info: Quartus II Classic Timing Analyzer was successful. 0 errors, 2 warnings
    Info: Peak virtual memory: 185 megabytes
    Info: Processing ended: Sat Nov 26 20:10:08 2016
    Info: Elapsed time: 00:00:00
    Info: Total CPU time (on all processors): 00:00:01


