Classic Timing Analyzer report for PROJETO10
Wed Jun 24 01:56:11 2015
Quartus II Version 7.2 Build 151 09/26/2007 SJ Full Version


---------------------
; Table of Contents ;
---------------------
  1. Legal Notice
  2. Timing Analyzer Summary
  3. Timing Analyzer Settings
  4. tpd
  5. Timing Analyzer Messages



----------------
; Legal Notice ;
----------------
Copyright (C) 1991-2007 Altera Corporation
Your use of Altera Corporation's design tools, logic functions 
and other software and tools, and its AMPP partner logic 
functions, and any output files from any of the foregoing 
(including device programming or simulation files), and any 
associated documentation or information are expressly subject 
to the terms and conditions of the Altera Program License 
Subscription Agreement, Altera MegaCore Function License 
Agreement, or other applicable license agreement, including, 
without limitation, that your use is for the sole purpose of 
programming logic devices manufactured by Altera and sold by 
Altera or its authorized distributors.  Please refer to the 
applicable agreement for further details.



+-----------------------------------------------------------------------------------------------------------------------+
; Timing Analyzer Summary                                                                                               ;
+------------------------------+-------+---------------+-------------+------+----+------------+----------+--------------+
; Type                         ; Slack ; Required Time ; Actual Time ; From ; To ; From Clock ; To Clock ; Failed Paths ;
+------------------------------+-------+---------------+-------------+------+----+------------+----------+--------------+
; Worst-case tpd               ; N/A   ; None          ; 10.820 ns   ; D0   ; S  ; --         ; --       ; 0            ;
; Total number of failed paths ;       ;               ;             ;      ;    ;            ;          ; 0            ;
+------------------------------+-------+---------------+-------------+------+----+------------+----------+--------------+


+---------------------------------------------------------------------------------------------------------------+
; Timing Analyzer Settings                                                                                      ;
+----------------------------------------------------------------+--------------------+------+----+-------------+
; Option                                                         ; Setting            ; From ; To ; Entity Name ;
+----------------------------------------------------------------+--------------------+------+----+-------------+
; Device Name                                                    ; EP2C35F672C6       ;      ;    ;             ;
; Timing Models                                                  ; Final              ;      ;    ;             ;
; Default hold multicycle                                        ; Same as Multicycle ;      ;    ;             ;
; Cut paths between unrelated clock domains                      ; On                 ;      ;    ;             ;
; Cut off read during write signal paths                         ; On                 ;      ;    ;             ;
; Cut off feedback from I/O pins                                 ; On                 ;      ;    ;             ;
; Report Combined Fast/Slow Timing                               ; Off                ;      ;    ;             ;
; Ignore Clock Settings                                          ; Off                ;      ;    ;             ;
; Analyze latches as synchronous elements                        ; On                 ;      ;    ;             ;
; Enable Recovery/Removal analysis                               ; Off                ;      ;    ;             ;
; Enable Clock Latency                                           ; Off                ;      ;    ;             ;
; Use TimeQuest Timing Analyzer                                  ; Off                ;      ;    ;             ;
; Number of source nodes to report per destination node          ; 10                 ;      ;    ;             ;
; Number of destination nodes to report                          ; 10                 ;      ;    ;             ;
; Number of paths to report                                      ; 200                ;      ;    ;             ;
; Report Minimum Timing Checks                                   ; Off                ;      ;    ;             ;
; Use Fast Timing Models                                         ; Off                ;      ;    ;             ;
; Report IO Paths Separately                                     ; Off                ;      ;    ;             ;
; Perform Multicorner Analysis                                   ; On                 ;      ;    ;             ;
; Reports the worst-case path for each clock domain and analysis ; Off                ;      ;    ;             ;
+----------------------------------------------------------------+--------------------+------+----+-------------+


+---------------------------------------------------------+
; tpd                                                     ;
+-------+-------------------+-----------------+------+----+
; Slack ; Required P2P Time ; Actual P2P Time ; From ; To ;
+-------+-------------------+-----------------+------+----+
; N/A   ; None              ; 10.820 ns       ; D0   ; S  ;
; N/A   ; None              ; 10.758 ns       ; D2   ; S  ;
; N/A   ; None              ; 10.679 ns       ; A[0] ; S  ;
; N/A   ; None              ; 10.199 ns       ; D3   ; S  ;
; N/A   ; None              ; 9.776 ns        ; D1   ; S  ;
; N/A   ; None              ; 9.486 ns        ; B[1] ; S  ;
; N/A   ; None              ; 6.719 ns        ; A[1] ; S  ;
; N/A   ; None              ; 5.498 ns        ; B[0] ; S  ;
+-------+-------------------+-----------------+------+----+


+--------------------------+
; Timing Analyzer Messages ;
+--------------------------+
Info: *******************************************************************
Info: Running Quartus II Classic Timing Analyzer
    Info: Version 7.2 Build 151 09/26/2007 SJ Full Version
    Info: Processing started: Wed Jun 24 01:56:10 2015
Info: Command: quartus_tan --read_settings_files=off --write_settings_files=off PROJETO10 -c PROJETO10 --timing_analysis_only
Info: Longest tpd from source pin "D0" to destination pin "S" is 10.820 ns
    Info: 1: + IC(0.000 ns) + CELL(0.840 ns) = 0.840 ns; Loc. = PIN_B12; Fanout = 1; PIN Node = 'D0'
    Info: 2: + IC(4.820 ns) + CELL(0.438 ns) = 6.098 ns; Loc. = LCCOMB_X28_Y35_N0; Fanout = 1; COMB Node = 'Mux0~22'
    Info: 3: + IC(0.250 ns) + CELL(0.420 ns) = 6.768 ns; Loc. = LCCOMB_X28_Y35_N2; Fanout = 1; COMB Node = 'Mux0~23'
    Info: 4: + IC(0.247 ns) + CELL(0.420 ns) = 7.435 ns; Loc. = LCCOMB_X28_Y35_N16; Fanout = 1; COMB Node = 'S~0'
    Info: 5: + IC(0.567 ns) + CELL(2.818 ns) = 10.820 ns; Loc. = PIN_J11; Fanout = 0; PIN Node = 'S'
    Info: Total cell delay = 4.936 ns ( 45.62 % )
    Info: Total interconnect delay = 5.884 ns ( 54.38 % )
Info: Quartus II Classic Timing Analyzer was successful. 0 errors, 0 warnings
    Info: Allocated 161 megabytes of memory during processing
    Info: Processing ended: Wed Jun 24 01:56:11 2015
    Info: Elapsed time: 00:00:01


