Flow report for PROJETO02
Mon May 01 18:58:41 2017
Quartus II Version 9.1 Build 222 10/21/2009 SJ Web Edition


---------------------
; Table of Contents ;
---------------------
  1. Legal Notice
  2. Flow Summary
  3. Flow Settings
  4. Flow Non-Default Global Settings
  5. Flow Elapsed Time
  6. Flow OS Summary
  7. Flow Log



----------------
; Legal Notice ;
----------------
Copyright (C) 1991-2009 Altera Corporation
Your use of Altera Corporation's design tools, logic functions 
and other software and tools, and its AMPP partner logic 
functions, and any output files from any of the foregoing 
(including device programming or simulation files), and any 
associated documentation or information are expressly subject 
to the terms and conditions of the Altera Program License 
Subscription Agreement, Altera MegaCore Function License 
Agreement, or other applicable license agreement, including, 
without limitation, that your use is for the sole purpose of 
programming logic devices manufactured by Altera and sold by 
Altera or its authorized distributors.  Please refer to the 
applicable agreement for further details.



+------------------------------------------------------------------------------+
; Flow Summary                                                                 ;
+------------------------------------+-----------------------------------------+
; Flow Status                        ; Successful - Mon May 01 18:58:41 2017   ;
; Quartus II Version                 ; 9.1 Build 222 10/21/2009 SJ Web Edition ;
; Revision Name                      ; PROJETO02                               ;
; Top-level Entity Name              ; PROJETO02                               ;
; Family                             ; Cyclone II                              ;
; Device                             ; EP2C35F672C6                            ;
; Timing Models                      ; Final                                   ;
; Met timing requirements            ; Yes                                     ;
; Total logic elements               ; 1 / 33,216 ( < 1 % )                    ;
;     Total combinational functions  ; 1 / 33,216 ( < 1 % )                    ;
;     Dedicated logic registers      ; 0 / 33,216 ( 0 % )                      ;
; Total registers                    ; 0                                       ;
; Total pins                         ; 5 / 475 ( 1 % )                         ;
; Total virtual pins                 ; 0                                       ;
; Total memory bits                  ; 0 / 483,840 ( 0 % )                     ;
; Embedded Multiplier 9-bit elements ; 0 / 70 ( 0 % )                          ;
; Total PLLs                         ; 0 / 4 ( 0 % )                           ;
+------------------------------------+-----------------------------------------+


+-----------------------------------------+
; Flow Settings                           ;
+-------------------+---------------------+
; Option            ; Setting             ;
+-------------------+---------------------+
; Start date & time ; 05/01/2017 18:57:58 ;
; Main task         ; Compilation         ;
; Revision Name     ; PROJETO02           ;
+-------------------+---------------------+


+-----------------------------------------------------------------------------------------------------------------+
; Flow Non-Default Global Settings                                                                                ;
+------------------------------------+---------------------------------+---------------+-------------+------------+
; Assignment Name                    ; Value                           ; Default Value ; Entity Name ; Section Id ;
+------------------------------------+---------------------------------+---------------+-------------+------------+
; COMPILER_SIGNATURE_ID              ; 101895081923008.149367587802884 ; --            ; --          ; --         ;
; PARTITION_COLOR                    ; 2147039                         ; --            ; --          ; Top        ;
; PARTITION_NETLIST_TYPE             ; SOURCE                          ; --            ; --          ; Top        ;
; USE_GENERATED_PHYSICAL_CONSTRAINTS ; Off                             ; --            ; --          ; eda_palace ;
+------------------------------------+---------------------------------+---------------+-------------+------------+


+-----------------------------------------------------------------------------------------------------------------------------+
; Flow Elapsed Time                                                                                                           ;
+-------------------------+--------------+-------------------------+---------------------+------------------------------------+
; Module Name             ; Elapsed Time ; Average Processors Used ; Peak Virtual Memory ; Total CPU Time (on all processors) ;
+-------------------------+--------------+-------------------------+---------------------+------------------------------------+
; Analysis & Synthesis    ; 00:00:03     ; 1.0                     ; 240 MB              ; 00:00:01                           ;
; Fitter                  ; 00:00:09     ; 1.0                     ; 290 MB              ; 00:00:09                           ;
; Assembler               ; 00:00:06     ; 1.0                     ; 268 MB              ; 00:00:03                           ;
; Classic Timing Analyzer ; 00:00:02     ; 1.0                     ; 172 MB              ; 00:00:00                           ;
; Total                   ; 00:00:20     ; --                      ; --                  ; 00:00:13                           ;
+-------------------------+--------------+-------------------------+---------------------+------------------------------------+


+------------------------------------------------------------------------------------------+
; Flow OS Summary                                                                          ;
+-------------------------+------------------+---------------+------------+----------------+
; Module Name             ; Machine Hostname ; OS Name       ; OS Version ; Processor type ;
+-------------------------+------------------+---------------+------------+----------------+
; Analysis & Synthesis    ; Carlos-PC        ; Windows Vista ; 6.1        ; x86_64         ;
; Fitter                  ; Carlos-PC        ; Windows Vista ; 6.1        ; x86_64         ;
; Assembler               ; Carlos-PC        ; Windows Vista ; 6.1        ; x86_64         ;
; Classic Timing Analyzer ; Carlos-PC        ; Windows Vista ; 6.1        ; x86_64         ;
+-------------------------+------------------+---------------+------------+----------------+


------------
; Flow Log ;
------------
quartus_map --read_settings_files=on --write_settings_files=off PROJETO02 -c PROJETO02
quartus_fit --read_settings_files=off --write_settings_files=off PROJETO02 -c PROJETO02
quartus_asm --read_settings_files=off --write_settings_files=off PROJETO02 -c PROJETO02
quartus_tan --read_settings_files=off --write_settings_files=off PROJETO02 -c PROJETO02 --timing_analysis_only



